/Users/jens/Library/Java/JavaVirtualMachines/corretto-21.0.2/Contents/Home/bin/java -XX:TieredStopAtLevel=1 -Dspring.output.ansi.enabled=always -Dcom.sun.management.jmxremote -Dspring.jmx.enabled=true -Dspring.liveBeansView.mbeanDomain -Dspring.application.admin.enabled=true -Dmanagement.endpoints.jmx.exposure.include=* -javaagent:/Applications/IntelliJ IDEA.app/Contents/lib/idea_rt.jar=49229:/Applications/IntelliJ IDEA.app/Contents/bin -Dfile.encoding=UTF-8 -Dsun.stdout.encoding=UTF-8 -Dsun.stderr.encoding=UTF-8 -classpath /Users/jens/projects/git/j-lindner/kafka-inbound-via-code/target/classes:/Users/jens/.m2/repository/io/camunda/connector/spring-boot-starter-camunda-connectors/8.5.7/spring-boot-starter-camunda-connectors-8.5.7.jar:/Users/jens/.m2/repository/io/camunda/connector/connector-runtime-spring/8.5.7/connector-runtime-spring-8.5.7.jar:/Users/jens/.m2/repository/io/camunda/spring/spring-client-zeebe/8.5.5/spring-client-zeebe-8.5.5.jar:/Users/jens/.m2/repository/io/camunda/spring/spring-client-annotations/8.5.5/spring-client-annotations-8.5.5.jar:/Users/jens/.m2/repository/io/camunda/zeebe-client-java/8.5.2/zeebe-client-java-8.5.2.jar:/Users/jens/.m2/repository/com/google/code/findbugs/jsr305/3.0.2/jsr305-3.0.2.jar:/Users/jens/.m2/repository/org/apache/httpcomponents/core5/httpcore5/5.2.4/httpcore5-5.2.4.jar:/Users/jens/.m2/repository/io/camunda/zeebe-gateway-protocol-impl/8.5.2/zeebe-gateway-protocol-impl-8.5.2.jar:/Users/jens/.m2/repository/io/grpc/grpc-protobuf/1.62.2/grpc-protobuf-1.62.2.jar:/Users/jens/.m2/repository/com/google/api/grpc/proto-google-common-protos/2.29.0/proto-google-common-protos-2.29.0.jar:/Users/jens/.m2/repository/io/grpc/grpc-protobuf-lite/1.62.2/grpc-protobuf-lite-1.62.2.jar:/Users/jens/.m2/repository/org/apache/httpcomponents/client5/httpclient5/5.2.3/httpclient5-5.2.3.jar:/Users/jens/.m2/repository/org/apache/httpcomponents/core5/httpcore5-h2/5.2.4/httpcore5-h2-5.2.4.jar:/Users/jens/.m2/repository/io/grpc/grpc-stub/1.62.2/grpc-stub-1.62.2.jar:/Users/jens/.m2/repository/com/google/errorprone/error_prone_annotations/2.23.0/error_prone_annotations-2.23.0.jar:/Users/jens/.m2/repository/io/grpc/grpc-core/1.62.2/grpc-core-1.62.2.jar:/Users/jens/.m2/repository/com/google/code/gson/gson/2.10.1/gson-2.10.1.jar:/Users/jens/.m2/repository/com/google/android/annotations/4.1.1.4/annotations-4.1.1.4.jar:/Users/jens/.m2/repository/org/codehaus/mojo/animal-sniffer-annotations/1.23/animal-sniffer-annotations-1.23.jar:/Users/jens/.m2/repository/io/perfmark/perfmark-api/0.26.0/perfmark-api-0.26.0.jar:/Users/jens/.m2/repository/io/grpc/grpc-context/1.62.2/grpc-context-1.62.2.jar:/Users/jens/.m2/repository/io/grpc/grpc-api/1.62.2/grpc-api-1.62.2.jar:/Users/jens/.m2/repository/io/grpc/grpc-netty/1.62.2/grpc-netty-1.62.2.jar:/Users/jens/.m2/repository/io/netty/netty-codec-http2/4.1.109.Final/netty-codec-http2-4.1.109.Final.jar:/Users/jens/.m2/repository/io/netty/netty-codec-http/4.1.109.Final/netty-codec-http-4.1.109.Final.jar:/Users/jens/.m2/repository/io/netty/netty-handler-proxy/4.1.109.Final/netty-handler-proxy-4.1.109.Final.jar:/Users/jens/.m2/repository/io/netty/netty-codec-socks/4.1.109.Final/netty-codec-socks-4.1.109.Final.jar:/Users/jens/.m2/repository/io/netty/netty-transport-native-unix-common/4.1.109.Final/netty-transport-native-unix-common-4.1.109.Final.jar:/Users/jens/.m2/repository/io/grpc/grpc-util/1.62.2/grpc-util-1.62.2.jar:/Users/jens/.m2/repository/com/google/protobuf/protobuf-java/3.25.3/protobuf-java-3.25.3.jar:/Users/jens/.m2/repository/io/netty/netty-tcnative-boringssl-static/2.0.65.Final/netty-tcnative-boringssl-static-2.0.65.Final.jar:/Users/jens/.m2/repository/io/netty/netty-tcnative-classes/2.0.65.Final/netty-tcnative-classes-2.0.65.Final.jar:/Users/jens/.m2/repository/io/netty/netty-tcnative-boringssl-static/2.0.65.Final/netty-tcnative-boringssl-static-2.0.65.Final-linux-x86_64.jar:/Users/jens/.m2/repository/io/netty/netty-tcnative-boringssl-static/2.0.65.Final/netty-tcnative-boringssl-static-2.0.65.Final-linux-aarch_64.jar:/Users/jens/.m2/repository/io/netty/netty-tcnative-boringssl-static/2.0.65.Final/netty-tcnative-boringssl-static-2.0.65.Final-osx-x86_64.jar:/Users/jens/.m2/repository/io/netty/netty-tcnative-boringssl-static/2.0.65.Final/netty-tcnative-boringssl-static-2.0.65.Final-osx-aarch_64.jar:/Users/jens/.m2/repository/io/netty/netty-tcnative-boringssl-static/2.0.65.Final/netty-tcnative-boringssl-static-2.0.65.Final-windows-x86_64.jar:/Users/jens/.m2/repository/io/netty/netty-handler/4.1.109.Final/netty-handler-4.1.109.Final.jar:/Users/jens/.m2/repository/io/netty/netty-resolver/4.1.109.Final/netty-resolver-4.1.109.Final.jar:/Users/jens/.m2/repository/io/netty/netty-buffer/4.1.109.Final/netty-buffer-4.1.109.Final.jar:/Users/jens/.m2/repository/io/netty/netty-transport/4.1.109.Final/netty-transport-4.1.109.Final.jar:/Users/jens/.m2/repository/io/netty/netty-codec/4.1.109.Final/netty-codec-4.1.109.Final.jar:/Users/jens/.m2/repository/io/netty/netty-common/4.1.109.Final/netty-common-4.1.109.Final.jar:/Users/jens/.m2/repository/com/fasterxml/jackson/dataformat/jackson-dataformat-yaml/2.15.4/jackson-dataformat-yaml-2.15.4.jar:/Users/jens/.m2/repository/commons-beanutils/commons-beanutils/1.9.4/commons-beanutils-1.9.4.jar:/Users/jens/.m2/repository/commons-logging/commons-logging/1.2/commons-logging-1.2.jar:/Users/jens/.m2/repository/commons-collections/commons-collections/3.2.2/commons-collections-3.2.2.jar:/Users/jens/.m2/repository/io/camunda/spring/java-client-operate/8.5.5/java-client-operate-8.5.5.jar:/Users/jens/.m2/repository/io/camunda/spring/java-common/8.5.5/java-common-8.5.5.jar:/Users/jens/.m2/repository/com/google/guava/guava/33.0.0-jre/guava-33.0.0-jre.jar:/Users/jens/.m2/repository/com/google/guava/failureaccess/1.0.2/failureaccess-1.0.2.jar:/Users/jens/.m2/repository/com/google/guava/listenablefuture/9999.0-empty-to-avoid-conflict-with-guava/listenablefuture-9999.0-empty-to-avoid-conflict-with-guava.jar:/Users/jens/.m2/repository/org/checkerframework/checker-qual/3.41.0/checker-qual-3.41.0.jar:/Users/jens/.m2/repository/com/google/j2objc/j2objc-annotations/2.8/j2objc-annotations-2.8.jar:/Users/jens/.m2/repository/io/camunda/zeebe-bpmn-model/8.5.2/zeebe-bpmn-model-8.5.2.jar:/Users/jens/.m2/repository/org/camunda/bpm/model/camunda-xml-model/7.20.0/camunda-xml-model-7.20.0.jar:/Users/jens/.m2/repository/io/camunda/connector/connector-runtime-core/8.5.7/connector-runtime-core-8.5.7.jar:/Users/jens/.m2/repository/io/camunda/connector/jackson-datatype-feel/8.5.7/jackson-datatype-feel-8.5.7.jar:/Users/jens/.m2/repository/io/camunda/connector/connector-feel-wrapper/8.5.7/connector-feel-wrapper-8.5.7.jar:/Users/jens/.m2/repository/org/camunda/feel/feel-engine/1.17.7/feel-engine-1.17.7.jar:/Users/jens/.m2/repository/com/lihaoyi/fastparse_2.13/3.0.2/fastparse_2.13-3.0.2.jar:/Users/jens/.m2/repository/com/lihaoyi/sourcecode_2.13/0.3.0/sourcecode_2.13-0.3.0.jar:/Users/jens/.m2/repository/com/lihaoyi/geny_2.13/1.0.0/geny_2.13-1.0.0.jar:/Users/jens/.m2/repository/io/camunda/connector/connector-validation/8.5.7/connector-validation-8.5.7.jar:/Users/jens/.m2/repository/io/camunda/connector/connector-core/8.5.7/connector-core-8.5.7.jar:/Users/jens/.m2/repository/org/hibernate/validator/hibernate-validator/8.0.1.Final/hibernate-validator-8.0.1.Final.jar:/Users/jens/.m2/repository/org/jboss/logging/jboss-logging/3.5.3.Final/jboss-logging-3.5.3.Final.jar:/Users/jens/.m2/repository/com/fasterxml/classmate/1.5.1/classmate-1.5.1.jar:/Users/jens/.m2/repository/io/camunda/spring/spring-boot-starter-camunda/8.5.5/spring-boot-starter-camunda-8.5.5.jar:/Users/jens/.m2/repository/org/springframework/boot/spring-boot-starter-json/3.1.11/spring-boot-starter-json-3.1.11.jar:/Users/jens/.m2/repository/com/fasterxml/jackson/module/jackson-module-parameter-names/2.15.4/jackson-module-parameter-names-2.15.4.jar:/Users/jens/.m2/repository/io/github/resilience4j/resilience4j-retry/2.2.0/resilience4j-retry-2.2.0.jar:/Users/jens/.m2/repository/io/github/resilience4j/resilience4j-core/2.2.0/resilience4j-core-2.2.0.jar:/Users/jens/.m2/repository/io/camunda/spring/spring-client-common/8.5.5/spring-client-common-8.5.5.jar:/Users/jens/.m2/repository/io/camunda/identity-spring-boot-autoconfigure/8.5.2/identity-spring-boot-autoconfigure-8.5.2.jar:/Users/jens/.m2/repository/org/springframework/boot/spring-boot/3.1.11/spring-boot-3.1.11.jar:/Users/jens/.m2/repository/org/yaml/snakeyaml/2.0/snakeyaml-2.0.jar:/Users/jens/.m2/repository/org/springframework/boot/spring-boot-autoconfigure/3.1.11/spring-boot-autoconfigure-3.1.11.jar:/Users/jens/.m2/repository/io/camunda/identity-sdk/8.5.2/identity-sdk-8.5.2.jar:/Users/jens/.m2/repository/com/auth0/java-jwt/4.4.0/java-jwt-4.4.0.jar:/Users/jens/.m2/repository/com/auth0/auth0/1.45.1/auth0-1.45.1.jar:/Users/jens/.m2/repository/com/squareup/okhttp3/okhttp/4.10.0/okhttp-4.10.0.jar:/Users/jens/.m2/repository/com/squareup/okio/okio-jvm/3.0.0/okio-jvm-3.0.0.jar:/Users/jens/.m2/repository/org/jetbrains/kotlin/kotlin-stdlib-common/1.8.22/kotlin-stdlib-common-1.8.22.jar:/Users/jens/.m2/repository/org/jetbrains/kotlin/kotlin-stdlib/1.8.22/kotlin-stdlib-1.8.22.jar:/Users/jens/.m2/repository/org/jetbrains/annotations/13.0/annotations-13.0.jar:/Users/jens/.m2/repository/com/squareup/okio/okio/3.5.0/okio-3.5.0.jar:/Users/jens/.m2/repository/com/squareup/okhttp3/logging-interceptor/4.10.0/logging-interceptor-4.10.0.jar:/Users/jens/.m2/repository/org/jetbrains/kotlin/kotlin-stdlib-jdk8/1.8.22/kotlin-stdlib-jdk8-1.8.22.jar:/Users/jens/.m2/repository/org/jetbrains/kotlin/kotlin-stdlib-jdk7/1.8.22/kotlin-stdlib-jdk7-1.8.22.jar:/Users/jens/.m2/repository/net/jodah/failsafe/2.4.1/failsafe-2.4.1.jar:/Users/jens/.m2/repository/com/auth0/jwks-rsa/0.22.1/jwks-rsa-0.22.1.jar:/Users/jens/.m2/repository/org/apache/commons/commons-collections4/4.4/commons-collections4-4.4.jar:/Users/jens/.m2/repository/org/ehcache/ehcache/3.10.8/ehcache-3.10.8.jar:/Users/jens/.m2/repository/javax/cache/cache-api/1.1.1/cache-api-1.1.1.jar:/Users/jens/.m2/repository/org/springframework/boot/spring-boot-starter-web/3.1.11/spring-boot-starter-web-3.1.11.jar:/Users/jens/.m2/repository/org/springframework/boot/spring-boot-starter/3.1.11/spring-boot-starter-3.1.11.jar:/Users/jens/.m2/repository/org/springframework/boot/spring-boot-starter-logging/3.1.11/spring-boot-starter-logging-3.1.11.jar:/Users/jens/.m2/repository/ch/qos/logback/logback-classic/1.4.14/logback-classic-1.4.14.jar:/Users/jens/.m2/repository/ch/qos/logback/logback-core/1.4.14/logback-core-1.4.14.jar:/Users/jens/.m2/repository/org/apache/logging/log4j/log4j-to-slf4j/2.20.0/log4j-to-slf4j-2.20.0.jar:/Users/jens/.m2/repository/org/apache/logging/log4j/log4j-api/2.20.0/log4j-api-2.20.0.jar:/Users/jens/.m2/repository/org/slf4j/jul-to-slf4j/2.0.13/jul-to-slf4j-2.0.13.jar:/Users/jens/.m2/repository/jakarta/annotation/jakarta.annotation-api/2.1.1/jakarta.annotation-api-2.1.1.jar:/Users/jens/.m2/repository/org/springframework/spring-core/6.0.19/spring-core-6.0.19.jar:/Users/jens/.m2/repository/org/springframework/spring-jcl/6.0.19/spring-jcl-6.0.19.jar:/Users/jens/.m2/repository/org/springframework/boot/spring-boot-starter-tomcat/3.1.11/spring-boot-starter-tomcat-3.1.11.jar:/Users/jens/.m2/repository/org/apache/tomcat/embed/tomcat-embed-core/10.1.20/tomcat-embed-core-10.1.20.jar:/Users/jens/.m2/repository/org/apache/tomcat/embed/tomcat-embed-el/10.1.20/tomcat-embed-el-10.1.20.jar:/Users/jens/.m2/repository/org/apache/tomcat/embed/tomcat-embed-websocket/10.1.20/tomcat-embed-websocket-10.1.20.jar:/Users/jens/.m2/repository/org/springframework/spring-web/6.0.19/spring-web-6.0.19.jar:/Users/jens/.m2/repository/org/springframework/spring-beans/6.0.19/spring-beans-6.0.19.jar:/Users/jens/.m2/repository/org/springframework/spring-webmvc/6.0.19/spring-webmvc-6.0.19.jar:/Users/jens/.m2/repository/org/springframework/spring-aop/6.0.19/spring-aop-6.0.19.jar:/Users/jens/.m2/repository/org/springframework/spring-context/6.0.19/spring-context-6.0.19.jar:/Users/jens/.m2/repository/org/springframework/spring-expression/6.0.19/spring-expression-6.0.19.jar:/Users/jens/.m2/repository/org/springframework/boot/spring-boot-starter-actuator/3.1.11/spring-boot-starter-actuator-3.1.11.jar:/Users/jens/.m2/repository/org/springframework/boot/spring-boot-actuator-autoconfigure/3.1.11/spring-boot-actuator-autoconfigure-3.1.11.jar:/Users/jens/.m2/repository/org/springframework/boot/spring-boot-actuator/3.1.11/spring-boot-actuator-3.1.11.jar:/Users/jens/.m2/repository/io/micrometer/micrometer-observation/1.11.11/micrometer-observation-1.11.11.jar:/Users/jens/.m2/repository/io/micrometer/micrometer-commons/1.11.11/micrometer-commons-1.11.11.jar:/Users/jens/.m2/repository/io/micrometer/micrometer-core/1.11.11/micrometer-core-1.11.11.jar:/Users/jens/.m2/repository/org/hdrhistogram/HdrHistogram/2.1.12/HdrHistogram-2.1.12.jar:/Users/jens/.m2/repository/org/latencyutils/LatencyUtils/2.0.3/LatencyUtils-2.0.3.jar:/Users/jens/.m2/repository/io/camunda/connector/connector-kafka/8.5.7/connector-kafka-8.5.7.jar:/Users/jens/.m2/repository/org/apache/kafka/kafka-clients/3.4.1/kafka-clients-3.4.1.jar:/Users/jens/.m2/repository/com/github/luben/zstd-jni/1.5.2-1/zstd-jni-1.5.2-1.jar:/Users/jens/.m2/repository/org/lz4/lz4-java/1.8.0/lz4-java-1.8.0.jar:/Users/jens/.m2/repository/com/fasterxml/jackson/dataformat/jackson-dataformat-avro/2.15.4/jackson-dataformat-avro-2.15.4.jar:/Users/jens/.m2/repository/com/fasterxml/jackson/core/jackson-annotations/2.15.4/jackson-annotations-2.15.4.jar:/Users/jens/.m2/repository/com/fasterxml/jackson/core/jackson-core/2.15.4/jackson-core-2.15.4.jar:/Users/jens/.m2/repository/org/apache/avro/avro/1.11.3/avro-1.11.3.jar:/Users/jens/.m2/repository/org/apache/commons/commons-compress/1.22/commons-compress-1.22.jar:/Users/jens/.m2/repository/org/xerial/snappy/snappy-java/1.1.10.6/snappy-java-1.1.10.6.jar:/Users/jens/.m2/repository/org/apache/commons/commons-text/1.11.0/commons-text-1.11.0.jar:/Users/jens/.m2/repository/org/apache/commons/commons-lang3/3.12.0/commons-lang3-3.12.0.jar:/Users/jens/.m2/repository/dev/failsafe/failsafe/3.3.2/failsafe-3.3.2.jar:/Users/jens/.m2/repository/io/camunda/connector/element-template-generator-core/8.5.7/element-template-generator-core-8.5.7.jar:/Users/jens/.m2/repository/jakarta/validation/jakarta.validation-api/3.0.2/jakarta.validation-api-3.0.2.jar:/Users/jens/.m2/repository/org/slf4j/slf4j-api/2.0.13/slf4j-api-2.0.13.jar:/Users/jens/.m2/repository/com/fasterxml/jackson/core/jackson-databind/2.15.4/jackson-databind-2.15.4.jar:/Users/jens/.m2/repository/com/fasterxml/jackson/datatype/jackson-datatype-jdk8/2.15.4/jackson-datatype-jdk8-2.15.4.jar:/Users/jens/.m2/repository/com/fasterxml/jackson/datatype/jackson-datatype-jsr310/2.15.4/jackson-datatype-jsr310-2.15.4.jar:/Users/jens/.m2/repository/com/fasterxml/jackson/module/jackson-module-scala_3/2.15.4/jackson-module-scala_3-2.15.4.jar:/Users/jens/.m2/repository/org/scala-lang/scala3-library_3/3.2.2/scala3-library_3-3.2.2.jar:/Users/jens/.m2/repository/org/scala-lang/scala-library/2.13.10/scala-library-2.13.10.jar:/Users/jens/.m2/repository/com/thoughtworks/paranamer/paranamer/2.8/paranamer-2.8.jar com.camunda.consulting.kafkainboundviacode.KafkaInboundViaCodeApplication
Standard Commons Logging discovery in action with spring-jcl: please remove commons-logging.jar from classpath in order to avoid potential conflicts

  .   ____          _            __ _ _
 /\\ / ___'_ __ _ _(_)_ __  __ _ \ \ \ \
( ( )\___ | '_ | '_| | '_ \/ _` | \ \ \ \
 \\/  ___)| |_)| | | | | || (_| |  ) ) ) )
  '  |____| .__|_| |_|_| |_\__, | / / / /
 =========|_|==============|___/=/_/_/_/
 :: Spring Boot ::               (v3.1.11)

2024-10-14T21:39:03.708+02:00  INFO 86454 --- [           main] c.c.c.k.KafkaInboundViaCodeApplication   : Starting KafkaInboundViaCodeApplication using Java 21.0.2 with PID 86454 (/Users/jens/projects/git/j-lindner/kafka-inbound-via-code/target/classes started by jens in /Users/jens/projects/git/j-lindner/kafka-inbound-via-code)
2024-10-14T21:39:03.709+02:00  INFO 86454 --- [           main] c.c.c.k.KafkaInboundViaCodeApplication   : No active profile set, falling back to 1 default profile: "default"
2024-10-14T21:39:04.307+02:00  INFO 86454 --- [           main] trationDelegate$BeanPostProcessorChecker : Bean 'io.camunda.zeebe.spring.client.annotation.processor.AnnotationProcessorConfiguration' of type [io.camunda.zeebe.spring.client.annotation.processor.AnnotationProcessorConfiguration] is not eligible for getting processed by all BeanPostProcessors (for example: not eligible for auto-proxying)
2024-10-14T21:39:04.308+02:00  INFO 86454 --- [           main] trationDelegate$BeanPostProcessorChecker : Bean 'io.camunda.connector.runtime.outbound.OutboundConnectorRuntimeConfiguration' of type [io.camunda.connector.runtime.outbound.OutboundConnectorRuntimeConfiguration$$SpringCGLIB$$0] is not eligible for getting processed by all BeanPostProcessors (for example: not eligible for auto-proxying)
2024-10-14T21:39:04.323+02:00  INFO 86454 --- [           main] trationDelegate$BeanPostProcessorChecker : Bean 'zeebe.client-io.camunda.zeebe.spring.client.properties.ZeebeClientConfigurationProperties' of type [io.camunda.zeebe.spring.client.properties.ZeebeClientConfigurationProperties] is not eligible for getting processed by all BeanPostProcessors (for example: not eligible for auto-proxying)
2024-10-14T21:39:04.325+02:00  INFO 86454 --- [           main] trationDelegate$BeanPostProcessorChecker : Bean 'camunda.client-io.camunda.zeebe.spring.client.properties.CamundaClientProperties' of type [io.camunda.zeebe.spring.client.properties.CamundaClientProperties] is not eligible for getting processed by all BeanPostProcessors (for example: not eligible for auto-proxying)
2024-10-14T21:39:04.325+02:00  INFO 86454 --- [           main] trationDelegate$BeanPostProcessorChecker : Bean 'io.camunda.zeebe.spring.client.configuration.ZeebeClientAllAutoConfiguration' of type [io.camunda.zeebe.spring.client.configuration.ZeebeClientAllAutoConfiguration] is not eligible for getting processed by all BeanPostProcessors (for example: not eligible for auto-proxying)
2024-10-14T21:39:04.327+02:00  INFO 86454 --- [           main] trationDelegate$BeanPostProcessorChecker : Bean 'io.camunda.zeebe.spring.client.configuration.ExecutorServiceConfiguration' of type [io.camunda.zeebe.spring.client.configuration.ExecutorServiceConfiguration] is not eligible for getting processed by all BeanPostProcessors (for example: not eligible for auto-proxying)
2024-10-14T21:39:04.328+02:00  INFO 86454 --- [           main] trationDelegate$BeanPostProcessorChecker : Bean 'org.springframework.boot.actuate.autoconfigure.metrics.export.simple.SimpleMetricsExportAutoConfiguration' of type [org.springframework.boot.actuate.autoconfigure.metrics.export.simple.SimpleMetricsExportAutoConfiguration] is not eligible for getting processed by all BeanPostProcessors (for example: not eligible for auto-proxying)
2024-10-14T21:39:04.329+02:00  INFO 86454 --- [           main] trationDelegate$BeanPostProcessorChecker : Bean 'management.simple.metrics.export-org.springframework.boot.actuate.autoconfigure.metrics.export.simple.SimpleProperties' of type [org.springframework.boot.actuate.autoconfigure.metrics.export.simple.SimpleProperties] is not eligible for getting processed by all BeanPostProcessors (for example: not eligible for auto-proxying)
2024-10-14T21:39:04.330+02:00  INFO 86454 --- [           main] trationDelegate$BeanPostProcessorChecker : Bean 'simpleConfig' of type [org.springframework.boot.actuate.autoconfigure.metrics.export.simple.SimplePropertiesConfigAdapter] is not eligible for getting processed by all BeanPostProcessors (for example: not eligible for auto-proxying)
2024-10-14T21:39:04.331+02:00  INFO 86454 --- [           main] trationDelegate$BeanPostProcessorChecker : Bean 'org.springframework.boot.actuate.autoconfigure.metrics.MetricsAutoConfiguration' of type [org.springframework.boot.actuate.autoconfigure.metrics.MetricsAutoConfiguration] is not eligible for getting processed by all BeanPostProcessors (for example: not eligible for auto-proxying)
2024-10-14T21:39:04.331+02:00  INFO 86454 --- [           main] trationDelegate$BeanPostProcessorChecker : Bean 'micrometerClock' of type [io.micrometer.core.instrument.Clock$1] is not eligible for getting processed by all BeanPostProcessors (for example: not eligible for auto-proxying)
2024-10-14T21:39:04.342+02:00  INFO 86454 --- [           main] trationDelegate$BeanPostProcessorChecker : Bean 'simpleMeterRegistry' of type [io.micrometer.core.instrument.simple.SimpleMeterRegistry] is not eligible for getting processed by all BeanPostProcessors (for example: not eligible for auto-proxying)
2024-10-14T21:39:04.347+02:00  INFO 86454 --- [           main] trationDelegate$BeanPostProcessorChecker : Bean 'zeebeClientThreadPool' of type [io.camunda.zeebe.spring.client.jobhandling.ZeebeClientExecutorService] is not eligible for getting processed by all BeanPostProcessors (for example: not eligible for auto-proxying)
2024-10-14T21:39:04.350+02:00  INFO 86454 --- [           main] trationDelegate$BeanPostProcessorChecker : Bean 'commandExceptionHandlingStrategy' of type [io.camunda.zeebe.spring.client.jobhandling.DefaultCommandExceptionHandlingStrategy] is not eligible for getting processed by all BeanPostProcessors (for example: not eligible for auto-proxying)
2024-10-14T21:39:04.350+02:00  INFO 86454 --- [           main] trationDelegate$BeanPostProcessorChecker : Bean 'io.camunda.zeebe.spring.client.configuration.ZeebeActuatorConfiguration' of type [io.camunda.zeebe.spring.client.configuration.ZeebeActuatorConfiguration] is not eligible for getting processed by all BeanPostProcessors (for example: not eligible for auto-proxying)
2024-10-14T21:39:04.361+02:00  INFO 86454 --- [           main] i.c.z.s.c.a.MicrometerMetricsRecorder    : Enabling Micrometer based metrics for spring-zeebe (available via Actuator)
2024-10-14T21:39:04.361+02:00  INFO 86454 --- [           main] trationDelegate$BeanPostProcessorChecker : Bean 'micrometerMetricsRecorder' of type [io.camunda.zeebe.spring.client.actuator.MicrometerMetricsRecorder] is not eligible for getting processed by all BeanPostProcessors (for example: not eligible for auto-proxying)
2024-10-14T21:39:04.364+02:00  INFO 86454 --- [           main] trationDelegate$BeanPostProcessorChecker : Bean 'io.camunda.connector.runtime.OutboundConnectorsAutoConfiguration' of type [io.camunda.connector.runtime.OutboundConnectorsAutoConfiguration] is not eligible for getting processed by all BeanPostProcessors (for example: not eligible for auto-proxying)
2024-10-14T21:39:04.510+02:00  INFO 86454 --- [           main] org.camunda.feel.FeelEngine              : Engine created. [value-mapper: CompositeValueMapper(List(org.camunda.feel.impl.JavaValueMapper@6d33a66e)), function-provider: io.camunda.connector.feel.FeelConnectorFunctionProvider@1642eeae, clock: SystemClock, configuration: {externalFunctionsEnabled: false}]
2024-10-14T21:39:04.618+02:00  INFO 86454 --- [           main] org.camunda.feel.FeelEngine              : Engine created. [value-mapper: CompositeValueMapper(List(org.camunda.feel.impl.JavaValueMapper@420cd102)), function-provider: io.camunda.connector.feel.FeelConnectorFunctionProvider@17043b04, clock: SystemClock, configuration: {externalFunctionsEnabled: false}]
2024-10-14T21:39:04.632+02:00  INFO 86454 --- [           main] trationDelegate$BeanPostProcessorChecker : Bean 'objectMapper' of type [com.fasterxml.jackson.databind.json.JsonMapper] is not eligible for getting processed by all BeanPostProcessors (for example: not eligible for auto-proxying)
2024-10-14T21:39:04.633+02:00  INFO 86454 --- [           main] trationDelegate$BeanPostProcessorChecker : Bean 'io.camunda.zeebe.spring.client.configuration.JsonMapperConfiguration' of type [io.camunda.zeebe.spring.client.configuration.JsonMapperConfiguration$$SpringCGLIB$$0] is not eligible for getting processed by all BeanPostProcessors (for example: not eligible for auto-proxying)
2024-10-14T21:39:04.633+02:00  INFO 86454 --- [           main] trationDelegate$BeanPostProcessorChecker : Bean 'zeebeJsonMapper' of type [io.camunda.zeebe.client.impl.ZeebeObjectMapper] is not eligible for getting processed by all BeanPostProcessors (for example: not eligible for auto-proxying)
2024-10-14T21:39:04.636+02:00  INFO 86454 --- [           main] trationDelegate$BeanPostProcessorChecker : Bean 'parameterResolverStrategy' of type [io.camunda.zeebe.spring.client.jobhandling.parameter.DefaultParameterResolverStrategy] is not eligible for getting processed by all BeanPostProcessors (for example: not eligible for auto-proxying)
2024-10-14T21:39:04.638+02:00  INFO 86454 --- [           main] trationDelegate$BeanPostProcessorChecker : Bean 'jobWorkerManager' of type [io.camunda.zeebe.spring.client.jobhandling.JobWorkerManager] is not eligible for getting processed by all BeanPostProcessors (for example: not eligible for auto-proxying)
2024-10-14T21:39:04.644+02:00  INFO 86454 --- [           main] trationDelegate$BeanPostProcessorChecker : Bean 'outboundConnectorFactory' of type [io.camunda.connector.runtime.core.outbound.DefaultOutboundConnectorFactory] is not eligible for getting processed by all BeanPostProcessors (for example: not eligible for auto-proxying)
2024-10-14T21:39:04.646+02:00  INFO 86454 --- [           main] i.c.c.r.s.EnvironmentSecretProvider      : No prefix has been configured, all environment variables are available as connector secrets
2024-10-14T21:39:04.646+02:00  INFO 86454 --- [           main] trationDelegate$BeanPostProcessorChecker : Bean 'defaultSecretProvider' of type [io.camunda.connector.runtime.secret.EnvironmentSecretProvider] is not eligible for getting processed by all BeanPostProcessors (for example: not eligible for auto-proxying)
2024-10-14T21:39:04.647+02:00  INFO 86454 --- [           main] trationDelegate$BeanPostProcessorChecker : Bean 'springSecretProviderAggregator' of type [io.camunda.connector.runtime.core.secret.SecretProviderAggregator] is not eligible for getting processed by all BeanPostProcessors (for example: not eligible for auto-proxying)
2024-10-14T21:39:04.649+02:00  INFO 86454 --- [           main] trationDelegate$BeanPostProcessorChecker : Bean 'outboundConnectorManager' of type [io.camunda.connector.runtime.outbound.lifecycle.OutboundConnectorManager] is not eligible for getting processed by all BeanPostProcessors (for example: not eligible for auto-proxying)
2024-10-14T21:39:04.649+02:00  INFO 86454 --- [           main] trationDelegate$BeanPostProcessorChecker : Bean 'annotationProcessor' of type [io.camunda.connector.runtime.outbound.lifecycle.OutboundConnectorAnnotationProcessor] is not eligible for getting processed by all BeanPostProcessors (for example: not eligible for auto-proxying)
2024-10-14T21:39:04.650+02:00  INFO 86454 --- [           main] trationDelegate$BeanPostProcessorChecker : Bean 'deploymentPostProcessor' of type [io.camunda.zeebe.spring.client.annotation.processor.ZeebeDeploymentAnnotationProcessor] is not eligible for getting processed by all BeanPostProcessors (for example: not eligible for auto-proxying)
2024-10-14T21:39:04.665+02:00  INFO 86454 --- [           main] trationDelegate$BeanPostProcessorChecker : Bean 'propertyBasedZeebeWorkerValueCustomizer' of type [io.camunda.zeebe.spring.client.properties.PropertyBasedZeebeWorkerValueCustomizer] is not eligible for getting processed by all BeanPostProcessors (for example: not eligible for auto-proxying)
2024-10-14T21:39:04.665+02:00  INFO 86454 --- [           main] trationDelegate$BeanPostProcessorChecker : Bean 'zeebeWorkerPostProcessor' of type [io.camunda.zeebe.spring.client.annotation.processor.ZeebeWorkerAnnotationProcessor] is not eligible for getting processed by all BeanPostProcessors (for example: not eligible for auto-proxying)
2024-10-14T21:39:04.666+02:00  INFO 86454 --- [           main] trationDelegate$BeanPostProcessorChecker : Bean 'io.camunda.connector.runtime.inbound.InboundConnectorRuntimeConfiguration' of type [io.camunda.connector.runtime.inbound.InboundConnectorRuntimeConfiguration$$SpringCGLIB$$0] is not eligible for getting processed by all BeanPostProcessors (for example: not eligible for auto-proxying)
2024-10-14T21:39:04.667+02:00  INFO 86454 --- [           main] trationDelegate$BeanPostProcessorChecker : Bean 'io.camunda.connector.runtime.inbound.lifecycle.InboundConnectorLifecycleConfiguration' of type [io.camunda.connector.runtime.inbound.lifecycle.InboundConnectorLifecycleConfiguration$$SpringCGLIB$$0] is not eligible for getting processed by all BeanPostProcessors (for example: not eligible for auto-proxying)
2024-10-14T21:39:04.672+02:00  INFO 86454 --- [           main] trationDelegate$BeanPostProcessorChecker : Bean 'springInboundConnectorFactory' of type [io.camunda.connector.runtime.core.inbound.DefaultInboundConnectorFactory] is not eligible for getting processed by all BeanPostProcessors (for example: not eligible for auto-proxying)
2024-10-14T21:39:04.673+02:00  INFO 86454 --- [           main] trationDelegate$BeanPostProcessorChecker : Bean 'inboundConnectorAnnotationProcessor' of type [io.camunda.connector.runtime.inbound.lifecycle.InboundConnectorAnnotationProcessor] is not eligible for getting processed by all BeanPostProcessors (for example: not eligible for auto-proxying)
2024-10-14T21:39:04.810+02:00  INFO 86454 --- [           main] o.s.b.w.embedded.tomcat.TomcatWebServer  : Tomcat initialized with port(s): 8080 (http)
2024-10-14T21:39:04.817+02:00  INFO 86454 --- [           main] o.apache.catalina.core.StandardService   : Starting service [Tomcat]
2024-10-14T21:39:04.817+02:00  INFO 86454 --- [           main] o.apache.catalina.core.StandardEngine    : Starting Servlet engine: [Apache Tomcat/10.1.20]
2024-10-14T21:39:04.862+02:00  INFO 86454 --- [           main] o.a.c.c.C.[Tomcat].[localhost].[/]       : Initializing Spring embedded WebApplicationContext
2024-10-14T21:39:04.862+02:00  INFO 86454 --- [           main] w.s.c.ServletWebServerApplicationContext : Root WebApplicationContext: initialization completed in 1125 ms
Standard Commons Logging discovery in action with spring-jcl: please remove commons-logging.jar from classpath in order to avoid potential conflicts
2024-10-14T21:39:05.237+02:00  INFO 86454 --- [           main] org.ehcache.core.EhcacheManager          : Cache 'tokenCache' created in EhcacheManager.
2024-10-14T21:39:05.254+02:00  INFO 86454 --- [           main] z.s.c.c.ZeebeClientProdAutoConfiguration : Creating ZeebeClient using ZeebeClientConfiguration [ZeebeClientConfiguration{properties=ZeebeClientConfigurationProperties{environment=ApplicationServletEnvironment {activeProfiles=[], defaultProfiles=[default], propertySources=[ConfigurationPropertySourcesPropertySource {name='configurationProperties'}, StubPropertySource {name='servletConfigInitParams'}, ServletContextPropertySource {name='servletContextInitParams'}, PropertiesPropertySource {name='systemProperties'}, OriginAwareSystemEnvironmentPropertySource {name='systemEnvironment'}, RandomValuePropertySource {name='random'}, OriginTrackedMapPropertySource {name='Config resource 'class path resource [application.properties]' via location 'optional:classpath:/''}]}, connectionMode='null', defaultTenantId='<default>', defaultJobWorkerTenantIds=[<default>], applyEnvironmentVariableOverrides=false, enabled=true, broker=Broker{gatewayAddress='localhost:26500', keepAlive=PT45S}, cloud=Cloud{clusterId='null', clientId='***', clientSecret='***', region='bru-2', scope='null', baseUrl='zeebe.camunda.io', authUrl='https://login.cloud.camunda.io/oauth/token', port=443, credentialsCachePath='null'}, worker=Worker{maxJobsActive=32, threads=1, defaultName='null', defaultType='null', override={}}, message=Message{timeToLive=PT1H, maxMessageSize=4194304}, security=Security{plaintext=true, overrideAuthority='null', certPath='null'}, job=Job{timeout=PT5M, pollInterval=PT0.1S}, ownsJobWorkerExecutor=false, defaultJobWorkerStreamEnabled=false, requestTimeout=PT10S}, camundaClientProperties=io.camunda.zeebe.spring.client.properties.CamundaClientProperties@75a9cc24, authentication=io.camunda.common.auth.SelfManagedAuthentication@22899683, jsonMapper=io.camunda.zeebe.client.impl.ZeebeObjectMapper@4449a60b, interceptors=[], zeebeClientExecutorService=io.camunda.zeebe.spring.client.jobhandling.ZeebeClientExecutorService@da5d5e1}]
2024-10-14T21:39:05.433+02:00  INFO 86454 --- [           main] org.camunda.feel.FeelEngine              : Engine created. [value-mapper: CompositeValueMapper(List(org.camunda.feel.impl.JavaValueMapper@26f204a4)), function-provider: io.camunda.connector.feel.FeelConnectorFunctionProvider@219edc05, clock: SystemClock, configuration: {externalFunctionsEnabled: false}]
2024-10-14T21:39:05.488+02:00  INFO 86454 --- [           main] org.ehcache.core.EhcacheManager          : Cache 'tokenCache' created in EhcacheManager.
2024-10-14T21:39:05.615+02:00  INFO 86454 --- [           main] o.s.b.a.e.web.EndpointLinksResolver      : Exposing 1 endpoint(s) beneath base path '/actuator'
2024-10-14T21:39:05.647+02:00  INFO 86454 --- [           main] o.s.b.w.embedded.tomcat.TomcatWebServer  : Tomcat started on port(s): 8080 (http) with context path ''
2024-10-14T21:39:05.650+02:00  INFO 86454 --- [           main] org.camunda.feel.FeelEngine              : Engine created. [value-mapper: CompositeValueMapper(List(org.camunda.feel.impl.JavaValueMapper@1c3b221f)), function-provider: io.camunda.connector.feel.FeelConnectorFunctionProvider@7ef7f414, clock: SystemClock, configuration: {externalFunctionsEnabled: false}]
2024-10-14T21:39:05.664+02:00  INFO 86454 --- [           main] i.c.z.s.c.jobhandling.JobWorkerManager   : . Starting Zeebe worker: ZeebeWorkerValue{type='io.camunda:connector-kafka:1', name='Kafka Producer', timeout=null, maxJobsActive=null, requestTimeout=null, pollInterval=null, autoComplete=true, fetchVariables=[authentication, topic, message, additionalProperties, headers, avro], enabled=null, methodInfo=null, tenantIds=null, forceFetchAllVariables=null, streamEnabled=null, streamTimeout=null}
2024-10-14T21:39:05.677+02:00  INFO 86454 --- [           main] c.c.c.k.KafkaInboundViaCodeApplication   : Started KafkaInboundViaCodeApplication in 2.213 seconds (process running for 2.638)
2024-10-14T21:39:05.760+02:00  INFO 86454 --- [)-192.168.0.134] o.a.c.c.C.[Tomcat].[localhost].[/]       : Initializing Spring DispatcherServlet 'dispatcherServlet'
2024-10-14T21:39:05.760+02:00  INFO 86454 --- [)-192.168.0.134] o.s.web.servlet.DispatcherServlet        : Initializing Servlet 'dispatcherServlet'
2024-10-14T21:39:05.761+02:00  INFO 86454 --- [)-192.168.0.134] o.s.web.servlet.DispatcherServlet        : Completed initialization in 1 ms
2024-10-14T21:39:05.882+02:00  WARN 86454 --- [-worker-ELG-1-6] i.c.z.client.impl.ZeebeCallCredentials   : The request's security level does not guarantee that the credentials will be confidential.
2024-10-14T21:39:05.883+02:00  WARN 86454 --- [-worker-ELG-1-6] i.c.z.client.impl.ZeebeCallCredentials   : The request's security level does not guarantee that the credentials will be confidential.
2024-10-14T21:39:05.942+02:00  INFO 86454 --- [   scheduling-1] i.c.c.r.i.i.ProcessDefinitionImporter    : Detected changes in process definitions
2024-10-14T21:39:05.942+02:00  INFO 86454 --- [   scheduling-1] i.c.c.r.i.i.ProcessDefinitionImporter    : . 1 newly deployed
2024-10-14T21:39:05.942+02:00  INFO 86454 --- [   scheduling-1] i.c.c.r.i.i.ProcessDefinitionImporter    : . Process: kafka-poc-springboot, version: 1 for tenant: <default>
2024-10-14T21:39:05.942+02:00  INFO 86454 --- [   scheduling-1] i.c.c.r.i.i.ProcessDefinitionImporter    : . 0 replaced with new version
2024-10-14T21:39:05.942+02:00  INFO 86454 --- [   scheduling-1] i.c.c.r.i.i.ProcessDefinitionImporter    : . 0 deleted
2024-10-14T21:39:06.163+02:00  INFO 86454 --- [   scheduling-1] org.camunda.feel.FeelEngine              : Engine created. [value-mapper: CompositeValueMapper(List(org.camunda.feel.impl.JavaValueMapper@215d43ae)), function-provider: io.camunda.connector.feel.FeelConnectorFunctionProvider@318edbe6, clock: SystemClock, configuration: {externalFunctionsEnabled: false}]
2024-10-14T21:39:06.347+02:00  INFO 86454 --- [pool-4-thread-1] o.a.k.clients.consumer.ConsumerConfig    : ConsumerConfig values:
	allow.auto.create.topics = true
	auto.commit.interval.ms = 5000
	auto.include.jmx.reporter = true
	auto.offset.reset = latest
	bootstrap.servers = [kafka:9093]
	check.crcs = true
	client.dns.lookup = use_all_dns_ips
	client.id = consumer-jensgroup-1
	client.rack =
	connections.max.idle.ms = 540000
	default.api.timeout.ms = 60000
	enable.auto.commit = false
	exclude.internal.topics = true
	fetch.max.bytes = 52428800
	fetch.max.wait.ms = 500
	fetch.min.bytes = 1
	group.id = jensgroup
	group.instance.id = null
	heartbeat.interval.ms = 3000
	interceptor.classes = []
	internal.leave.group.on.close = true
	internal.throw.on.fetch.stable.offset.unsupported = false
	isolation.level = read_uncommitted
	key.deserializer = class org.apache.kafka.common.serialization.StringDeserializer
	max.partition.fetch.bytes = 1048576
	max.poll.interval.ms = 300000
	max.poll.records = 500
	metadata.max.age.ms = 300000
	metric.reporters = []
	metrics.num.samples = 2
	metrics.recording.level = INFO
	metrics.sample.window.ms = 30000
	partition.assignment.strategy = [class org.apache.kafka.clients.consumer.RangeAssignor, class org.apache.kafka.clients.consumer.CooperativeStickyAssignor]
	receive.buffer.bytes = 65536
	reconnect.backoff.max.ms = 1000
	reconnect.backoff.ms = 50
	request.timeout.ms = 30000
	retry.backoff.ms = 100
	sasl.client.callback.handler.class = null
	sasl.jaas.config = null
	sasl.kerberos.kinit.cmd = /usr/bin/kinit
	sasl.kerberos.min.time.before.relogin = 60000
	sasl.kerberos.service.name = null
	sasl.kerberos.ticket.renew.jitter = 0.05
	sasl.kerberos.ticket.renew.window.factor = 0.8
	sasl.login.callback.handler.class = null
	sasl.login.class = null
	sasl.login.connect.timeout.ms = null
	sasl.login.read.timeout.ms = null
	sasl.login.refresh.buffer.seconds = 300
	sasl.login.refresh.min.period.seconds = 60
	sasl.login.refresh.window.factor = 0.8
	sasl.login.refresh.window.jitter = 0.05
	sasl.login.retry.backoff.max.ms = 10000
	sasl.login.retry.backoff.ms = 100
	sasl.mechanism = GSSAPI
	sasl.oauthbearer.clock.skew.seconds = 30
	sasl.oauthbearer.expected.audience = null
	sasl.oauthbearer.expected.issuer = null
	sasl.oauthbearer.jwks.endpoint.refresh.ms = 3600000
	sasl.oauthbearer.jwks.endpoint.retry.backoff.max.ms = 10000
	sasl.oauthbearer.jwks.endpoint.retry.backoff.ms = 100
	sasl.oauthbearer.jwks.endpoint.url = null
	sasl.oauthbearer.scope.claim.name = scope
	sasl.oauthbearer.sub.claim.name = sub
	sasl.oauthbearer.token.endpoint.url = null
	security.protocol = SSL
	security.providers = null
	send.buffer.bytes = 131072
	session.timeout.ms = 45000
	socket.connection.setup.timeout.max.ms = 30000
	socket.connection.setup.timeout.ms = 10000
	ssl.cipher.suites = null
	ssl.enabled.protocols = [TLSv1.2, TLSv1.3]
	ssl.endpoint.identification.algorithm = https
	ssl.engine.factory.class = null
	ssl.key.password = null
	ssl.keymanager.algorithm = SunX509
	ssl.keystore.certificate.chain = null
	ssl.keystore.key = null
	ssl.keystore.location = null
	ssl.keystore.password = null
	ssl.keystore.type = JKS
	ssl.protocol = TLSv1.3
	ssl.provider = null
	ssl.secure.random.implementation = null
	ssl.trustmanager.algorithm = PKIX
	ssl.truststore.certificates = null
	ssl.truststore.location = /Users/jens/projects/git/j-lindner/kafka-inbound-via-code/src/main/resources/kafka.server.truststore.jks
	ssl.truststore.password = [hidden]
	ssl.truststore.type = JKS
	value.deserializer = class org.apache.kafka.common.serialization.StringDeserializer

2024-10-14T21:39:06.473+02:00  WARN 86454 --- [pool-4-thread-1] o.a.k.clients.consumer.ConsumerConfig    : These configurations '[acks, delivery.timeout.ms, max.block.ms, retention.ms, linger.ms]' were supplied but are not used yet.
2024-10-14T21:39:06.474+02:00  INFO 86454 --- [pool-4-thread-1] o.a.kafka.common.utils.AppInfoParser     : Kafka version: 3.4.1
2024-10-14T21:39:06.474+02:00  INFO 86454 --- [pool-4-thread-1] o.a.kafka.common.utils.AppInfoParser     : Kafka commitId: 8a516edc2755df89
2024-10-14T21:39:06.474+02:00  INFO 86454 --- [pool-4-thread-1] o.a.kafka.common.utils.AppInfoParser     : Kafka startTimeMs: 1728934746473
2024-10-14T21:39:06.475+02:00  INFO 86454 --- [pool-4-thread-1] o.a.k.clients.consumer.KafkaConsumer     : [Consumer clientId=consumer-jensgroup-1, groupId=jensgroup] Subscribed to topic(s): jenstest
2024-10-14T21:39:06.475+02:00  INFO 86454 --- [pool-4-thread-1] i.c.c.k.inbound.KafkaConnectorConsumer   : Consumer status changed to UP, process kafka-poc-springboot, version 1, element startKafkaWorkflowConsumer_TLS
2024-10-14T21:39:06.755+02:00  INFO 86454 --- [pool-4-thread-1] org.apache.kafka.clients.Metadata        : [Consumer clientId=consumer-jensgroup-1, groupId=jensgroup] Resetting the last seen epoch of partition jenstest-0 to 0 since the associated topicId changed from null to ytPcudXhQ6GVT1X6GNVlrQ
2024-10-14T21:39:06.756+02:00  INFO 86454 --- [pool-4-thread-1] org.apache.kafka.clients.Metadata        : [Consumer clientId=consumer-jensgroup-1, groupId=jensgroup] Cluster ID: DL1YeE75TIuCyl-9-uKI5Q
2024-10-14T21:39:07.191+02:00  INFO 86454 --- [pool-4-thread-1] o.a.k.c.c.internals.ConsumerCoordinator  : [Consumer clientId=consumer-jensgroup-1, groupId=jensgroup] Discovered group coordinator kafka:9093 (id: 2147483646 rack: null)
2024-10-14T21:39:07.193+02:00  INFO 86454 --- [pool-4-thread-1] o.a.k.c.c.internals.ConsumerCoordinator  : [Consumer clientId=consumer-jensgroup-1, groupId=jensgroup] (Re-)joining group
2024-10-14T21:39:07.222+02:00  INFO 86454 --- [pool-4-thread-1] o.a.k.c.c.internals.ConsumerCoordinator  : [Consumer clientId=consumer-jensgroup-1, groupId=jensgroup] Request joining group due to: need to re-join with the given member-id: consumer-jensgroup-1-9a056220-cc24-48e2-ba92-5b079f9d5b3d
2024-10-14T21:39:07.222+02:00  INFO 86454 --- [pool-4-thread-1] o.a.k.c.c.internals.ConsumerCoordinator  : [Consumer clientId=consumer-jensgroup-1, groupId=jensgroup] Request joining group due to: rebalance failed due to 'The group member needs to have a valid member id before actually entering a consumer group.' (MemberIdRequiredException)
2024-10-14T21:39:07.222+02:00  INFO 86454 --- [pool-4-thread-1] o.a.k.c.c.internals.ConsumerCoordinator  : [Consumer clientId=consumer-jensgroup-1, groupId=jensgroup] (Re-)joining group
2024-10-14T21:39:10.250+02:00  INFO 86454 --- [pool-4-thread-1] o.a.k.c.c.internals.ConsumerCoordinator  : [Consumer clientId=consumer-jensgroup-1, groupId=jensgroup] Successfully joined group with generation Generation{generationId=1, memberId='consumer-jensgroup-1-9a056220-cc24-48e2-ba92-5b079f9d5b3d', protocol='range'}
2024-10-14T21:39:10.254+02:00  INFO 86454 --- [pool-4-thread-1] o.a.k.c.c.internals.ConsumerCoordinator  : [Consumer clientId=consumer-jensgroup-1, groupId=jensgroup] Finished assignment for group at generation 1: {consumer-jensgroup-1-9a056220-cc24-48e2-ba92-5b079f9d5b3d=Assignment(partitions=[jenstest-0])}
2024-10-14T21:39:10.283+02:00  INFO 86454 --- [pool-4-thread-1] o.a.k.c.c.internals.ConsumerCoordinator  : [Consumer clientId=consumer-jensgroup-1, groupId=jensgroup] Successfully synced group in generation Generation{generationId=1, memberId='consumer-jensgroup-1-9a056220-cc24-48e2-ba92-5b079f9d5b3d', protocol='range'}
2024-10-14T21:39:10.283+02:00  INFO 86454 --- [pool-4-thread-1] o.a.k.c.c.internals.ConsumerCoordinator  : [Consumer clientId=consumer-jensgroup-1, groupId=jensgroup] Notifying assignor about the new Assignment(partitions=[jenstest-0])
2024-10-14T21:39:10.285+02:00  INFO 86454 --- [pool-4-thread-1] o.a.k.c.c.internals.ConsumerCoordinator  : [Consumer clientId=consumer-jensgroup-1, groupId=jensgroup] Adding newly assigned partitions: jenstest-0
2024-10-14T21:39:10.298+02:00  INFO 86454 --- [pool-4-thread-1] o.a.k.c.c.internals.ConsumerCoordinator  : [Consumer clientId=consumer-jensgroup-1, groupId=jensgroup] Found no committed offset for partition jenstest-0
2024-10-14T21:39:10.307+02:00  INFO 86454 --- [pool-4-thread-1] o.a.k.c.c.internals.SubscriptionState    : [Consumer clientId=consumer-jensgroup-1, groupId=jensgroup] Resetting offset for partition jenstest-0 to position FetchPosition{offset=3, offsetEpoch=Optional.empty, currentLeader=LeaderAndEpoch{leader=Optional[kafka:9093 (id: 1 rack: null)], epoch=0}}.
2024-10-14T21:39:10.488+02:00  INFO 86454 --- [pool-4-thread-1] i.c.c.k.inbound.KafkaConnectorConsumer   : Consumer status changed to UP, process kafka-poc-springboot, version 1, element startKafkaWorkflowConsumer_TLS
2024-10-14T21:39:16.404+02:00  WARN 86454 --- [pool-2-thread-1] i.c.z.client.impl.ZeebeCallCredentials   : The request's security level does not guarantee that the credentials will be confidential.
2024-10-14T21:39:26.655+02:00  WARN 86454 --- [pool-2-thread-1] i.c.z.client.impl.ZeebeCallCredentials   : The request's security level does not guarantee that the credentials will be confidential.
2024-10-14T21:39:36.897+02:00  WARN 86454 --- [pool-2-thread-1] i.c.z.client.impl.ZeebeCallCredentials   : The request's security level does not guarantee that the credentials will be confidential.
2024-10-14T21:39:47.114+02:00  WARN 86454 --- [pool-2-thread-1] i.c.z.client.impl.ZeebeCallCredentials   : The request's security level does not guarantee that the credentials will be confidential.
2024-10-14T21:39:57.327+02:00  WARN 86454 --- [pool-2-thread-1] i.c.z.client.impl.ZeebeCallCredentials   : The request's security level does not guarantee that the credentials will be confidential.
2024-10-14T21:40:08.038+02:00  WARN 86454 --- [pool-2-thread-1] i.c.z.client.impl.ZeebeCallCredentials   : The request's security level does not guarantee that the credentials will be confidential.
2024-10-14T21:40:18.589+02:00  WARN 86454 --- [pool-2-thread-1] i.c.z.client.impl.ZeebeCallCredentials   : The request's security level does not guarantee that the credentials will be confidential.
2024-10-14T21:40:28.843+02:00  WARN 86454 --- [pool-2-thread-1] i.c.z.client.impl.ZeebeCallCredentials   : The request's security level does not guarantee that the credentials will be confidential.
2024-10-14T21:40:39.408+02:00  WARN 86454 --- [pool-2-thread-1] i.c.z.client.impl.ZeebeCallCredentials   : The request's security level does not guarantee that the credentials will be confidential.
2024-10-14T21:40:49.609+02:00  WARN 86454 --- [pool-2-thread-1] i.c.z.client.impl.ZeebeCallCredentials   : The request's security level does not guarantee that the credentials will be confidential.
2024-10-14T21:41:00.214+02:00  WARN 86454 --- [pool-2-thread-1] i.c.z.client.impl.ZeebeCallCredentials   : The request's security level does not guarantee that the credentials will be confidential.
2024-10-14T21:41:10.584+02:00  WARN 86454 --- [pool-2-thread-1] i.c.z.client.impl.ZeebeCallCredentials   : The request's security level does not guarantee that the credentials will be confidential.
2024-10-14T21:41:21.164+02:00  WARN 86454 --- [pool-2-thread-1] i.c.z.client.impl.ZeebeCallCredentials   : The request's security level does not guarantee that the credentials will be confidential.
